<?xml version="1.0" encoding="UTF-8"?>
<!-- Generated by org.testng.reporters.JUnitReportReporter -->
<testsuite skipped="0" hostname="Jagadeesh2" name="org.testng_runner.TestNG_Runner" tests="6" failures="0" timestamp="2021-10-01T23:14:43 IST" time="27.289" errors="0">
  <testcase name="home_Page" time="6.065" classname="org.testng_runner.TestNG_Runner"/>
  <system-out/>
  <testcase name="search_Hotel" time="4.779" classname="org.testng_runner.TestNG_Runner"/>
  <system-out/>
  <testcase name="select_Hotel" time="1.647" classname="org.testng_runner.TestNG_Runner"/>
  <system-out/>
  <testcase name="book_Now" time="2.670" classname="org.testng_runner.TestNG_Runner"/>
  <system-out/>
  <testcase name="booking_Confirm" time="11.259" classname="org.testng_runner.TestNG_Runner"/>
  <system-out/>
  <testcase name="iteinerary" time="0.869" classname="org.testng_runner.TestNG_Runner"/>
  <system-out/>
</testsuite> <!-- org.testng_runner.TestNG_Runner -->
